<?xml version="1.0" encoding="UTF-8"?>
<!-- Generated by org.testng.reporters.JUnitXMLReporter -->
<testsuite ignored="2" hostname="DESKTOP-2NSIB7R" failures="0" tests="3" name="Test" time="64.094" errors="0" timestamp="2023-04-26T10:29:14 IST">
  <testcase classname="vTiger.OrganisationTests.CreateNewOrganisationTest" name="createNewOrgTest" time="9.816"/>
  <testcase classname="vTiger.OrganisationTests.CreateNewOrganisationTest" name="orgDemo" time="0.002"/>
  <testcase classname="vTiger.ContactsTests.CreateContactsWithOrganisationTest" name="createContactWithOrgTest" time="22.39"/>
  <testcase classname="vTigerObjectRepository.BaseClass" name="@BeforeSuite bsConfig" time="0.0">
    <ignored/>
  </testcase> <!-- @BeforeSuite bsConfig -->
  <testcase classname="vTigerObjectRepository.BaseClass" name="@AfterSuite asConfig" time="0.0">
    <ignored/>
  </testcase> <!-- @AfterSuite asConfig -->
</testsuite> <!-- Test -->
