<?xml version="1.0" encoding="UTF-8"?>
<!-- Generated by org.testng.reporters.JUnitXMLReporter -->
<testsuite ignored="0" hostname="DESKTOP-2NSIB7R" failures="0" tests="2" name="TestRunner01" time="61.349" errors="0" timestamp="2023-04-20T22:08:51 IST">
  <testcase classname="vTiger.OrganisationTests.CreateNewOrganisationTest" name="createNewOrgTest" time="25.041"/>
  <testcase classname="vTiger.OrganisationTests.CreateNewOrganisationTest" name="orgDemo" time="0.008"/>
</testsuite> <!-- TestRunner01 -->
