<?xml version="1.0" encoding="UTF-8"?>
<!-- Generated by org.testng.reporters.JUnitXMLReporter -->
<testsuite ignored="1" hostname="DESKTOP-2NSIB7R" failures="0" tests="1" name="Test" time="68.665" errors="0" timestamp="2023-05-01T20:56:28 IST">
  <testcase classname="vTiger.OrganisationTests.CreateNewOrganisationTest" name="orgDemo" time="0.018"/>
  <testcase classname="vTiger.OrganisationTests.CreateNewOrganisationTest" name="createNewOrgTest" time="0.0">
    <ignored/>
  </testcase> <!-- createNewOrgTest -->
</testsuite> <!-- Test -->
