<?xml version="1.0" encoding="UTF-8"?>
<testng-results ignored="0" total="1" passed="1" failed="0" skipped="0">
  <reporter-output>
  </reporter-output>
  <suite started-at="2023-05-30T12:28:45 IST" name="Default suite" finished-at="2023-05-30T12:29:02 IST" duration-ms="17009">
    <groups>
    </groups>
    <test started-at="2023-05-30T12:28:45 IST" name="Default test" finished-at="2023-05-30T12:29:02 IST" duration-ms="17009">
      <class name="vTigerPratice.HandlingWebTables4">
        <test-method signature="verfiyTable()[pri:0, instance:vTigerPratice.HandlingWebTables4@4229bb3f]" started-at="2023-05-30T12:28:45 IST" name="verfiyTable" finished-at="2023-05-30T12:29:02 IST" duration-ms="16935" status="PASS">
          <reporter-output>
          </reporter-output>
        </test-method> <!-- verfiyTable -->
      </class> <!-- vTigerPratice.HandlingWebTables4 -->
    </test> <!-- Default test -->
  </suite> <!-- Default suite -->
</testng-results>
